[INFO] Scanning for projects...
[INFO] 
[INFO] ------------------------< org.example:UnitTest >------------------------
[INFO] Building UnitTest 1.0-SNAPSHOT
[INFO] --------------------------------[ jar ]---------------------------------
[INFO] 
[INFO] --- maven-clean-plugin:2.5:clean (default-clean) @ UnitTest ---
[INFO] Deleting /home/ivonne/Documentos/MemoriaTituloIvonne/ejerciciosEstudiantes/2020435685/1_nuevaserie/Ejercicio_1/target
[INFO] 
[INFO] --- maven-resources-plugin:2.6:resources (default-resources) @ UnitTest ---
[INFO] Using 'UTF-8' encoding to copy filtered resources.
[INFO] skip non existing resourceDirectory /home/ivonne/Documentos/MemoriaTituloIvonne/ejerciciosEstudiantes/2020435685/1_nuevaserie/Ejercicio_1/src/main/resources
[INFO] 
[INFO] --- maven-compiler-plugin:3.1:compile (default-compile) @ UnitTest ---
[INFO] Changes detected - recompiling the module!
[INFO] Compiling 2 source files to /home/ivonne/Documentos/MemoriaTituloIvonne/ejerciciosEstudiantes/2020435685/1_nuevaserie/Ejercicio_1/target/classes
[INFO] -------------------------------------------------------------
[ERROR] COMPILATION ERROR : 
[INFO] -------------------------------------------------------------
[ERROR] /home/ivonne/Documentos/MemoriaTituloIvonne/ejerciciosEstudiantes/2020435685/1_nuevaserie/Ejercicio_1/src/main/java/org/example/ExpendedorSimpleTest.java:[3,29] package org.junit.jupiter.api does not exist
[ERROR] /home/ivonne/Documentos/MemoriaTituloIvonne/ejerciciosEstudiantes/2020435685/1_nuevaserie/Ejercicio_1/src/main/java/org/example/ExpendedorSimpleTest.java:[4,29] package org.junit.jupiter.api does not exist
[ERROR] /home/ivonne/Documentos/MemoriaTituloIvonne/ejerciciosEstudiantes/2020435685/1_nuevaserie/Ejercicio_1/src/main/java/org/example/ExpendedorSimpleTest.java:[5,29] package org.junit.jupiter.api does not exist
[ERROR] /home/ivonne/Documentos/MemoriaTituloIvonne/ejerciciosEstudiantes/2020435685/1_nuevaserie/Ejercicio_1/src/main/java/org/example/ExpendedorSimpleTest.java:[6,29] package org.junit.jupiter.api does not exist
[ERROR] /home/ivonne/Documentos/MemoriaTituloIvonne/ejerciciosEstudiantes/2020435685/1_nuevaserie/Ejercicio_1/src/main/java/org/example/ExpendedorSimpleTest.java:[7,36] package org.junit.jupiter.api does not exist
[ERROR] /home/ivonne/Documentos/MemoriaTituloIvonne/ejerciciosEstudiantes/2020435685/1_nuevaserie/Ejercicio_1/src/main/java/org/example/ExpendedorSimpleTest.java:[10,13] cannot find symbol
  symbol:   class ExpendedorSimple
  location: class org.example.ExpendedorSimpleTest
[ERROR] /home/ivonne/Documentos/MemoriaTituloIvonne/ejerciciosEstudiantes/2020435685/1_nuevaserie/Ejercicio_1/src/main/java/org/example/ExpendedorSimpleTest.java:[11,6] cannot find symbol
  symbol:   class BeforeEach
  location: class org.example.ExpendedorSimpleTest
[ERROR] /home/ivonne/Documentos/MemoriaTituloIvonne/ejerciciosEstudiantes/2020435685/1_nuevaserie/Ejercicio_1/src/main/java/org/example/ExpendedorSimpleTest.java:[16,6] cannot find symbol
  symbol:   class AfterEach
  location: class org.example.ExpendedorSimpleTest
[ERROR] /home/ivonne/Documentos/MemoriaTituloIvonne/ejerciciosEstudiantes/2020435685/1_nuevaserie/Ejercicio_1/src/main/java/org/example/ExpendedorSimpleTest.java:[20,6] cannot find symbol
  symbol:   class Test
  location: class org.example.ExpendedorSimpleTest
[ERROR] /home/ivonne/Documentos/MemoriaTituloIvonne/ejerciciosEstudiantes/2020435685/1_nuevaserie/Ejercicio_1/src/main/java/org/example/ExpendedorSimpleTest.java:[21,6] cannot find symbol
  symbol:   class DisplayName
  location: class org.example.ExpendedorSimpleTest
[ERROR] /home/ivonne/Documentos/MemoriaTituloIvonne/ejerciciosEstudiantes/2020435685/1_nuevaserie/Ejercicio_1/src/main/java/org/example/ExpendedorSimpleTest.java:[29,6] cannot find symbol
  symbol:   class Test
  location: class org.example.ExpendedorSimpleTest
[ERROR] /home/ivonne/Documentos/MemoriaTituloIvonne/ejerciciosEstudiantes/2020435685/1_nuevaserie/Ejercicio_1/src/main/java/org/example/ExpendedorSimpleTest.java:[30,6] cannot find symbol
  symbol:   class DisplayName
  location: class org.example.ExpendedorSimpleTest
[ERROR] /home/ivonne/Documentos/MemoriaTituloIvonne/ejerciciosEstudiantes/2020435685/1_nuevaserie/Ejercicio_1/src/main/java/org/example/ExpendedorSimpleTest.java:[38,6] cannot find symbol
  symbol:   class Test
  location: class org.example.ExpendedorSimpleTest
[ERROR] /home/ivonne/Documentos/MemoriaTituloIvonne/ejerciciosEstudiantes/2020435685/1_nuevaserie/Ejercicio_1/src/main/java/org/example/ExpendedorSimpleTest.java:[39,6] cannot find symbol
  symbol:   class DisplayName
  location: class org.example.ExpendedorSimpleTest
[ERROR] /home/ivonne/Documentos/MemoriaTituloIvonne/ejerciciosEstudiantes/2020435685/1_nuevaserie/Ejercicio_1/src/main/java/org/example/ExpendedorSimpleTest.java:[50,6] cannot find symbol
  symbol:   class Test
  location: class org.example.ExpendedorSimpleTest
[ERROR] /home/ivonne/Documentos/MemoriaTituloIvonne/ejerciciosEstudiantes/2020435685/1_nuevaserie/Ejercicio_1/src/main/java/org/example/ExpendedorSimpleTest.java:[51,6] cannot find symbol
  symbol:   class DisplayName
  location: class org.example.ExpendedorSimpleTest
[ERROR] /home/ivonne/Documentos/MemoriaTituloIvonne/ejerciciosEstudiantes/2020435685/1_nuevaserie/Ejercicio_1/src/main/java/org/example/Main.java:[7,9] cannot find symbol
  symbol:   class ExpendedorSimple
  location: class org.example.Main
[ERROR] /home/ivonne/Documentos/MemoriaTituloIvonne/ejerciciosEstudiantes/2020435685/1_nuevaserie/Ejercicio_1/src/main/java/org/example/Main.java:[7,35] cannot find symbol
  symbol:   class ExpendedorSimple
  location: class org.example.Main
[ERROR] /home/ivonne/Documentos/MemoriaTituloIvonne/ejerciciosEstudiantes/2020435685/1_nuevaserie/Ejercicio_1/src/main/java/org/example/ExpendedorSimpleTest.java:[13,32] cannot find symbol
  symbol:   class ExpendedorSimple
  location: class org.example.ExpendedorSimpleTest
[ERROR] /home/ivonne/Documentos/MemoriaTituloIvonne/ejerciciosEstudiantes/2020435685/1_nuevaserie/Ejercicio_1/src/main/java/org/example/ExpendedorSimpleTest.java:[42,44] cannot find symbol
  symbol:   class NoHayBebidaException
  location: class org.example.ExpendedorSimpleTest
[ERROR] /home/ivonne/Documentos/MemoriaTituloIvonne/ejerciciosEstudiantes/2020435685/1_nuevaserie/Ejercicio_1/src/main/java/org/example/ExpendedorSimpleTest.java:[54,44] cannot find symbol
  symbol:   class PagoInsuficienteException
  location: class org.example.ExpendedorSimpleTest
[INFO] 21 errors 
[INFO] -------------------------------------------------------------
[INFO] ------------------------------------------------------------------------
[INFO] BUILD FAILURE
[INFO] ------------------------------------------------------------------------
[INFO] Total time:  1.117 s
[INFO] Finished at: 2023-11-10T13:46:22-03:00
[INFO] ------------------------------------------------------------------------
[ERROR] Failed to execute goal org.apache.maven.plugins:maven-compiler-plugin:3.1:compile (default-compile) on project UnitTest: Compilation failure: Compilation failure: 
[ERROR] /home/ivonne/Documentos/MemoriaTituloIvonne/ejerciciosEstudiantes/2020435685/1_nuevaserie/Ejercicio_1/src/main/java/org/example/ExpendedorSimpleTest.java:[3,29] package org.junit.jupiter.api does not exist
[ERROR] /home/ivonne/Documentos/MemoriaTituloIvonne/ejerciciosEstudiantes/2020435685/1_nuevaserie/Ejercicio_1/src/main/java/org/example/ExpendedorSimpleTest.java:[4,29] package org.junit.jupiter.api does not exist
[ERROR] /home/ivonne/Documentos/MemoriaTituloIvonne/ejerciciosEstudiantes/2020435685/1_nuevaserie/Ejercicio_1/src/main/java/org/example/ExpendedorSimpleTest.java:[5,29] package org.junit.jupiter.api does not exist
[ERROR] /home/ivonne/Documentos/MemoriaTituloIvonne/ejerciciosEstudiantes/2020435685/1_nuevaserie/Ejercicio_1/src/main/java/org/example/ExpendedorSimpleTest.java:[6,29] package org.junit.jupiter.api does not exist
[ERROR] /home/ivonne/Documentos/MemoriaTituloIvonne/ejerciciosEstudiantes/2020435685/1_nuevaserie/Ejercicio_1/src/main/java/org/example/ExpendedorSimpleTest.java:[7,36] package org.junit.jupiter.api does not exist
[ERROR] /home/ivonne/Documentos/MemoriaTituloIvonne/ejerciciosEstudiantes/2020435685/1_nuevaserie/Ejercicio_1/src/main/java/org/example/ExpendedorSimpleTest.java:[10,13] cannot find symbol
[ERROR]   symbol:   class ExpendedorSimple
[ERROR]   location: class org.example.ExpendedorSimpleTest
[ERROR] /home/ivonne/Documentos/MemoriaTituloIvonne/ejerciciosEstudiantes/2020435685/1_nuevaserie/Ejercicio_1/src/main/java/org/example/ExpendedorSimpleTest.java:[11,6] cannot find symbol
[ERROR]   symbol:   class BeforeEach
[ERROR]   location: class org.example.ExpendedorSimpleTest
[ERROR] /home/ivonne/Documentos/MemoriaTituloIvonne/ejerciciosEstudiantes/2020435685/1_nuevaserie/Ejercicio_1/src/main/java/org/example/ExpendedorSimpleTest.java:[16,6] cannot find symbol
[ERROR]   symbol:   class AfterEach
[ERROR]   location: class org.example.ExpendedorSimpleTest
[ERROR] /home/ivonne/Documentos/MemoriaTituloIvonne/ejerciciosEstudiantes/2020435685/1_nuevaserie/Ejercicio_1/src/main/java/org/example/ExpendedorSimpleTest.java:[20,6] cannot find symbol
[ERROR]   symbol:   class Test
[ERROR]   location: class org.example.ExpendedorSimpleTest
[ERROR] /home/ivonne/Documentos/MemoriaTituloIvonne/ejerciciosEstudiantes/2020435685/1_nuevaserie/Ejercicio_1/src/main/java/org/example/ExpendedorSimpleTest.java:[21,6] cannot find symbol
[ERROR]   symbol:   class DisplayName
[ERROR]   location: class org.example.ExpendedorSimpleTest
[ERROR] /home/ivonne/Documentos/MemoriaTituloIvonne/ejerciciosEstudiantes/2020435685/1_nuevaserie/Ejercicio_1/src/main/java/org/example/ExpendedorSimpleTest.java:[29,6] cannot find symbol
[ERROR]   symbol:   class Test
[ERROR]   location: class org.example.ExpendedorSimpleTest
[ERROR] /home/ivonne/Documentos/MemoriaTituloIvonne/ejerciciosEstudiantes/2020435685/1_nuevaserie/Ejercicio_1/src/main/java/org/example/ExpendedorSimpleTest.java:[30,6] cannot find symbol
[ERROR]   symbol:   class DisplayName
[ERROR]   location: class org.example.ExpendedorSimpleTest
[ERROR] /home/ivonne/Documentos/MemoriaTituloIvonne/ejerciciosEstudiantes/2020435685/1_nuevaserie/Ejercicio_1/src/main/java/org/example/ExpendedorSimpleTest.java:[38,6] cannot find symbol
[ERROR]   symbol:   class Test
[ERROR]   location: class org.example.ExpendedorSimpleTest
[ERROR] /home/ivonne/Documentos/MemoriaTituloIvonne/ejerciciosEstudiantes/2020435685/1_nuevaserie/Ejercicio_1/src/main/java/org/example/ExpendedorSimpleTest.java:[39,6] cannot find symbol
[ERROR]   symbol:   class DisplayName
[ERROR]   location: class org.example.ExpendedorSimpleTest
[ERROR] /home/ivonne/Documentos/MemoriaTituloIvonne/ejerciciosEstudiantes/2020435685/1_nuevaserie/Ejercicio_1/src/main/java/org/example/ExpendedorSimpleTest.java:[50,6] cannot find symbol
[ERROR]   symbol:   class Test
[ERROR]   location: class org.example.ExpendedorSimpleTest
[ERROR] /home/ivonne/Documentos/MemoriaTituloIvonne/ejerciciosEstudiantes/2020435685/1_nuevaserie/Ejercicio_1/src/main/java/org/example/ExpendedorSimpleTest.java:[51,6] cannot find symbol
[ERROR]   symbol:   class DisplayName
[ERROR]   location: class org.example.ExpendedorSimpleTest
[ERROR] /home/ivonne/Documentos/MemoriaTituloIvonne/ejerciciosEstudiantes/2020435685/1_nuevaserie/Ejercicio_1/src/main/java/org/example/Main.java:[7,9] cannot find symbol
[ERROR]   symbol:   class ExpendedorSimple
[ERROR]   location: class org.example.Main
[ERROR] /home/ivonne/Documentos/MemoriaTituloIvonne/ejerciciosEstudiantes/2020435685/1_nuevaserie/Ejercicio_1/src/main/java/org/example/Main.java:[7,35] cannot find symbol
[ERROR]   symbol:   class ExpendedorSimple
[ERROR]   location: class org.example.Main
[ERROR] /home/ivonne/Documentos/MemoriaTituloIvonne/ejerciciosEstudiantes/2020435685/1_nuevaserie/Ejercicio_1/src/main/java/org/example/ExpendedorSimpleTest.java:[13,32] cannot find symbol
[ERROR]   symbol:   class ExpendedorSimple
[ERROR]   location: class org.example.ExpendedorSimpleTest
[ERROR] /home/ivonne/Documentos/MemoriaTituloIvonne/ejerciciosEstudiantes/2020435685/1_nuevaserie/Ejercicio_1/src/main/java/org/example/ExpendedorSimpleTest.java:[42,44] cannot find symbol
[ERROR]   symbol:   class NoHayBebidaException
[ERROR]   location: class org.example.ExpendedorSimpleTest
[ERROR] /home/ivonne/Documentos/MemoriaTituloIvonne/ejerciciosEstudiantes/2020435685/1_nuevaserie/Ejercicio_1/src/main/java/org/example/ExpendedorSimpleTest.java:[54,44] cannot find symbol
[ERROR]   symbol:   class PagoInsuficienteException
[ERROR]   location: class org.example.ExpendedorSimpleTest
[ERROR] -> [Help 1]
[ERROR] 
[ERROR] To see the full stack trace of the errors, re-run Maven with the -e switch.
[ERROR] Re-run Maven using the -X switch to enable full debug logging.
[ERROR] 
[ERROR] For more information about the errors and possible solutions, please read the following articles:
[ERROR] [Help 1] http://cwiki.apache.org/confluence/display/MAVEN/MojoFailureException
