[INFO] Scanning for projects...
[INFO] 
[INFO] ------------------------< org.example:UnitTest >------------------------
[INFO] Building UnitTest 1.0-SNAPSHOT
[INFO] --------------------------------[ jar ]---------------------------------
[INFO] 
[INFO] --- maven-clean-plugin:2.5:clean (default-clean) @ UnitTest ---
[INFO] Deleting /home/ivonne/Documentos/MemoriaTituloIvonne/ejerciciosEstudiantes/2017425857/1_nuevaserie/Ejercicio_1/target
[INFO] 
[INFO] --- maven-resources-plugin:2.6:resources (default-resources) @ UnitTest ---
[INFO] Using 'UTF-8' encoding to copy filtered resources.
[INFO] skip non existing resourceDirectory /home/ivonne/Documentos/MemoriaTituloIvonne/ejerciciosEstudiantes/2017425857/1_nuevaserie/Ejercicio_1/src/main/resources
[INFO] 
[INFO] --- maven-compiler-plugin:3.1:compile (default-compile) @ UnitTest ---
[INFO] Changes detected - recompiling the module!
[INFO] Compiling 1 source file to /home/ivonne/Documentos/MemoriaTituloIvonne/ejerciciosEstudiantes/2017425857/1_nuevaserie/Ejercicio_1/target/classes
[INFO] ------------------------------------------------------------------------
[INFO] BUILD SUCCESS
[INFO] ------------------------------------------------------------------------
[INFO] Total time:  0.926 s
[INFO] Finished at: 2023-11-10T13:44:34-03:00
[INFO] ------------------------------------------------------------------------
